<?xml version="1.0" encoding="UTF-8"?>
<!-- Generated by org.testng.reporters.JUnitXMLReporter -->
<testsuite ignored="0" hostname="LIN-5CG0113H3C" failures="0" tests="3" name="Default test" time="0.057" errors="0" timestamp="2025-04-26T18:29:17 IST">
  <testcase classname="testNGPractice.priority_Dependson" name="openurl" time="0.007"/>
  <testcase classname="testNGPractice.priority_Dependson" name="login" time="0.001"/>
  <testcase classname="testNGPractice.priority_Dependson" name="logout" time="0.001"/>
</testsuite> <!-- Default test -->
