<?xml version="1.0" encoding="UTF-8"?>
<!-- Generated by org.testng.reporters.JUnitXMLReporter -->
<testsuite ignored="6" hostname="LIN-5CG0113H3C" failures="0" tests="3" name="grouppingTests" time="0.061" errors="0" timestamp="2025-04-26T19:30:04 IST">
  <testcase classname="testNGPractice.Groupping.PaymentTest" name="paymentByINR" time="0.009"/>
  <testcase classname="testNGPractice.Groupping.PaymentTest" name="paymentByDoller" time="0.002"/>
  <testcase classname="testNGPractice.Groupping.PaymentTest" name="paymentByYen" time="0.002"/>
  <testcase classname="testNGPractice.Groupping.LoginTest" name="loginByfacebook" time="0.0">
    <ignored/>
  </testcase> <!-- loginByfacebook -->
  <testcase classname="testNGPractice.Groupping.LoginTest" name="loginByX" time="0.0">
    <ignored/>
  </testcase> <!-- loginByX -->
  <testcase classname="testNGPractice.Groupping.SignupTest" name="signupByfacebook" time="0.0">
    <ignored/>
  </testcase> <!-- signupByfacebook -->
  <testcase classname="testNGPractice.Groupping.SignupTest" name="signupByGoogle" time="0.0">
    <ignored/>
  </testcase> <!-- signupByGoogle -->
  <testcase classname="testNGPractice.Groupping.SignupTest" name="signupByX" time="0.0">
    <ignored/>
  </testcase> <!-- signupByX -->
  <testcase classname="testNGPractice.Groupping.LoginTest" name="loginByGoogle" time="0.0">
    <ignored/>
  </testcase> <!-- loginByGoogle -->
</testsuite> <!-- grouppingTests -->
