<?xml version="1.0" encoding="UTF-8"?>
<!-- Generated by org.testng.reporters.JUnitXMLReporter -->
<testsuite ignored="0" hostname="LIN-5CG0113H3C" failures="0" tests="9" name="Test" time="0.083" errors="0" timestamp="2025-04-26T19:52:20 IST">
  <testcase classname="testNGPractice.Groupping.LoginTest" name="loginByfacebook" time="0.008"/>
  <testcase classname="testNGPractice.Groupping.LoginTest" name="loginByGoogle" time="0.003"/>
  <testcase classname="testNGPractice.Groupping.LoginTest" name="loginByX" time="0.001"/>
  <testcase classname="testNGPractice.Groupping.PaymentTest" name="paymentByINR" time="0.001"/>
  <testcase classname="testNGPractice.Groupping.PaymentTest" name="paymentByDoller" time="0.0"/>
  <testcase classname="testNGPractice.Groupping.PaymentTest" name="paymentByYen" time="0.002"/>
  <testcase classname="testNGPractice.Groupping.SignupTest" name="signupByfacebook" time="0.002"/>
  <testcase classname="testNGPractice.Groupping.SignupTest" name="signupByGoogle" time="0.001"/>
  <testcase classname="testNGPractice.Groupping.SignupTest" name="signupByX" time="0.002"/>
</testsuite> <!-- Test -->
